[10:52:08] [main/INFO] (FabricLoader) Loading for game Minecraft 1.17.1
[10:52:08] [main/DEBUG] (FabricLoader) Requesting deobfuscation of minecraft-1.17.1-mapped-net.fabricmc.yarn-1.17.1+build.39-v2.jar
[10:52:08] [main/DEBUG] (FabricLoader) [Knot] Proposed file:/Users/ralphgreer-walker/.gradle/caches/fabric-loom/1.17.1-mapped-net.fabricmc.yarn-1.17.1+build.39-v2/minecraft-1.17.1-mapped-net.fabricmc.yarn-1.17.1+build.39-v2.jar to classpath.
[10:52:08] [main/DEBUG] (FabricLoader|EntrypointTransformer) Found game constructor: net.minecraft.client.main.Main -> net.minecraft.client.MinecraftClient
[10:52:08] [main/DEBUG] (FabricLoader|EntrypointTransformer) Patching game constructor <init>(Lnet/minecraft/client/RunArgs;)V
[10:52:08] [main/DEBUG] (FabricLoader|EntrypointTransformer) Run directory field is thought to be net/minecraft/client/MinecraftClient/runDirectory
[10:52:09] [main/DEBUG] (FabricLoader|EntrypointTransformer) Applying brand name hook to net/minecraft/client/ClientBrandRetriever::getClientModName
[10:52:09] [main/DEBUG] (FabricLoader|EntrypointTransformer) Applying brand name hook to net/minecraft/server/MinecraftServer::getServerModName
[10:52:09] [main/DEBUG] (FabricLoader|EntrypointTransformer) [EntrypointTransformer] Patched 3 classes.
[10:52:09] [main/DEBUG] (Fabric|Loader) [ClasspathModCandidateFinder] Adding dev classpath directories to classpath.
[10:52:09] [main/DEBUG] (FabricLoader) [Knot] Proposed file:/Users/ralphgreer-walker/Documents/GitHub/dyeable-netherite/build/classes/java/main/ to classpath.
[10:52:09] [main/DEBUG] (Fabric|Loader) [ClasspathModCandidateFinder] Processing /Users/ralphgreer-walker/Documents/GitHub/dyeable-netherite/.gradle/loom-cache/remapped_mods/net_fabricmc_yarn_1_17_1_1_17_1_build_39_v2/net/fabricmc/fabric-loader/0.11.6/fabric-loader-0.11.6.jar
[10:52:09] [main/DEBUG] (Fabric|Loader) [ClasspathModCandidateFinder] Processing /Users/ralphgreer-walker/Documents/GitHub/dyeable-netherite/.gradle/loom-cache/remapped_mods/net_fabricmc_yarn_1_17_1_1_17_1_build_39_v2/net/fabricmc/fabric-api/fabric-dimensions-v1/2.0.11+6cefd57718/fabric-dimensions-v1-2.0.11+6cefd57718.jar
[10:52:09] [ForkJoinPool-1-worker-3/DEBUG] (Fabric|Loader) Testing file:/Users/ralphgreer-walker/Documents/GitHub/dyeable-netherite/.gradle/loom-cache/remapped_mods/net_fabricmc_yarn_1_17_1_1_17_1_build_39_v2/net/fabricmc/fabric-loader/0.11.6/fabric-loader-0.11.6.jar
[10:52:09] [main/DEBUG] (Fabric|Loader) [ClasspathModCandidateFinder] Processing /Users/ralphgreer-walker/Documents/GitHub/dyeable-netherite/.gradle/loom-cache/remapped_mods/net_fabricmc_yarn_1_17_1_1_17_1_build_39_v2/net/fabricmc/fabric-api/fabric-rendering-data-attachment-v1/0.1.5+a02b446318/fabric-rendering-data-attachment-v1-0.1.5+a02b446318.jar
[10:52:09] [ForkJoinPool-1-worker-5/DEBUG] (Fabric|Loader) Testing file:/Users/ralphgreer-walker/Documents/GitHub/dyeable-netherite/.gradle/loom-cache/remapped_mods/net_fabricmc_yarn_1_17_1_1_17_1_build_39_v2/net/fabricmc/fabric-api/fabric-dimensions-v1/2.0.11+6cefd57718/fabric-dimensions-v1-2.0.11+6cefd57718.jar
[10:52:09] [main/DEBUG] (Fabric|Loader) [ClasspathModCandidateFinder] Processing /Users/ralphgreer-walker/Documents/GitHub/dyeable-netherite/.gradle/loom-cache/remapped_mods/net_fabricmc_yarn_1_17_1_1_17_1_build_39_v2/net/fabricmc/fabric-api/fabric-events-interaction-v0/0.4.9+a722d8c018/fabric-events-interaction-v0-0.4.9+a722d8c018.jar
[10:52:09] [main/DEBUG] (Fabric|Loader) [ClasspathModCandidateFinder] Processing /Users/ralphgreer-walker/Documents/GitHub/dyeable-netherite/.gradle/loom-cache/remapped_mods/net_fabricmc_yarn_1_17_1_1_17_1_build_39_v2/net/fabricmc/fabric-api/fabric-rendering-v0/1.1.2+92519afa18/fabric-rendering-v0-1.1.2+92519afa18.jar
[10:52:09] [ForkJoinPool-1-worker-9/DEBUG] (Fabric|Loader) Testing file:/Users/ralphgreer-walker/Documents/GitHub/dyeable-netherite/.gradle/loom-cache/remapped_mods/net_fabricmc_yarn_1_17_1_1_17_1_build_39_v2/net/fabricmc/fabric-api/fabric-rendering-v0/1.1.2+92519afa18/fabric-rendering-v0-1.1.2+92519afa18.jar
[10:52:09] [ForkJoinPool-1-worker-7/DEBUG] (Fabric|Loader) Testing file:/Users/ralphgreer-walker/Documents/GitHub/dyeable-netherite/.gradle/loom-cache/remapped_mods/net_fabricmc_yarn_1_17_1_1_17_1_build_39_v2/net/fabricmc/fabric-api/fabric-rendering-data-attachment-v1/0.1.5+a02b446318/fabric-rendering-data-attachment-v1-0.1.5+a02b446318.jar
[10:52:09] [main/DEBUG] (Fabric|Loader) [ClasspathModCandidateFinder] Processing /Users/ralphgreer-walker/Documents/GitHub/dyeable-netherite/build/resources/main/
[10:52:09] [ForkJoinPool-1-worker-11/DEBUG] (Fabric|Loader) Testing file:/Users/ralphgreer-walker/Documents/GitHub/dyeable-netherite/.gradle/loom-cache/remapped_mods/net_fabricmc_yarn_1_17_1_1_17_1_build_39_v2/net/fabricmc/fabric-api/fabric-events-interaction-v0/0.4.9+a722d8c018/fabric-events-interaction-v0-0.4.9+a722d8c018.jar
[10:52:09] [main/DEBUG] (Fabric|Loader) [ClasspathModCandidateFinder] Processing /Users/ralphgreer-walker/Documents/GitHub/dyeable-netherite/.gradle/loom-cache/remapped_mods/net_fabricmc_yarn_1_17_1_1_17_1_build_39_v2/net/fabricmc/fabric-api/fabric-registry-sync-v0/0.7.10+e2961fee18/fabric-registry-sync-v0-0.7.10+e2961fee18.jar
[10:52:09] [ForkJoinPool-1-worker-15/DEBUG] (Fabric|Loader) Testing file:/Users/ralphgreer-walker/Documents/GitHub/dyeable-netherite/build/resources/main/
[10:52:09] [main/DEBUG] (Fabric|Loader) [ClasspathModCandidateFinder] Processing /Users/ralphgreer-walker/Documents/GitHub/dyeable-netherite/.gradle/loom-cache/remapped_mods/net_fabricmc_yarn_1_17_1_1_17_1_build_39_v2/net/fabricmc/fabric-api/fabric-textures-v0/1.0.6+a02b446318/fabric-textures-v0-1.0.6+a02b446318.jar
[10:52:09] [ForkJoinPool-1-worker-13/DEBUG] (Fabric|Loader) Testing file:/Users/ralphgreer-walker/Documents/GitHub/dyeable-netherite/.gradle/loom-cache/remapped_mods/net_fabricmc_yarn_1_17_1_1_17_1_build_39_v2/net/fabricmc/fabric-api/fabric-registry-sync-v0/0.7.10+e2961fee18/fabric-registry-sync-v0-0.7.10+e2961fee18.jar
[10:52:09] [main/DEBUG] (Fabric|Loader) [ClasspathModCandidateFinder] Processing /Users/ralphgreer-walker/Documents/GitHub/dyeable-netherite/.gradle/loom-cache/remapped_mods/net_fabricmc_yarn_1_17_1_1_17_1_build_39_v2/net/fabricmc/fabric-api/fabric-lifecycle-events-v1/1.4.4+a02b446318/fabric-lifecycle-events-v1-1.4.4+a02b446318.jar
[10:52:09] [main/DEBUG] (Fabric|Loader) [ClasspathModCandidateFinder] Processing /Users/ralphgreer-walker/Documents/GitHub/dyeable-netherite/.gradle/loom-cache/remapped_mods/net_fabricmc_yarn_1_17_1_1_17_1_build_39_v2/net/fabricmc/fabric-api/fabric-particles-v1/0.2.4+a02b446318/fabric-particles-v1-0.2.4+a02b446318.jar
[10:52:09] [main/DEBUG] (Fabric|Loader) [ClasspathModCandidateFinder] Processing /Users/ralphgreer-walker/Documents/GitHub/dyeable-netherite/.gradle/loom-cache/remapped_mods/net_fabricmc_yarn_1_17_1_1_17_1_build_39_v2/net/fabricmc/fabric-api/fabric-key-binding-api-v1/1.0.4+a02b446318/fabric-key-binding-api-v1-1.0.4+a02b446318.jar
[10:52:09] [main/DEBUG] (Fabric|Loader) [ClasspathModCandidateFinder] Processing /Users/ralphgreer-walker/Documents/GitHub/dyeable-netherite/.gradle/loom-cache/remapped_mods/net_fabricmc_yarn_1_17_1_1_17_1_build_39_v2/net/fabricmc/fabric-api/fabric-mining-levels-v0/0.1.3+92519afa18/fabric-mining-levels-v0-0.1.3+92519afa18.jar
[10:52:09] [main/DEBUG] (Fabric|Loader) [ClasspathModCandidateFinder] Processing /Users/ralphgreer-walker/Documents/GitHub/dyeable-netherite/.gradle/loom-cache/remapped_mods/net_fabricmc_yarn_1_17_1_1_17_1_build_39_v2/net/fabricmc/fabric-api/fabric-renderer-api-v1/0.4.4+5f02c96918/fabric-renderer-api-v1-0.4.4+5f02c96918.jar
[10:52:09] [main/DEBUG] (Fabric|Loader) [ClasspathModCandidateFinder] Processing /Users/ralphgreer-walker/Documents/GitHub/dyeable-netherite/.gradle/loom-cache/remapped_mods/net_fabricmc_yarn_1_17_1_1_17_1_build_39_v2/net/fabricmc/fabric-api/fabric-command-api-v1/1.1.3+5ab9934c18/fabric-command-api-v1-1.1.3+5ab9934c18.jar
[10:52:09] [main/DEBUG] (Fabric|Loader) [ClasspathModCandidateFinder] Processing /Users/ralphgreer-walker/Documents/GitHub/dyeable-netherite/.gradle/loom-cache/remapped_mods/net_fabricmc_yarn_1_17_1_1_17_1_build_39_v2/net/fabricmc/fabric-api/fabric-structure-api-v1/1.1.13+5ab9934c18/fabric-structure-api-v1-1.1.13+5ab9934c18.jar
[10:52:09] [main/DEBUG] (Fabric|Loader) [ClasspathModCandidateFinder] Processing /Users/ralphgreer-walker/Documents/GitHub/dyeable-netherite/.gradle/loom-cache/remapped_mods/net_fabricmc_yarn_1_17_1_1_17_1_build_39_v2/net/fabricmc/fabric-api/fabric-renderer-registries-v1/3.2.0+a02b446318/fabric-renderer-registries-v1-3.2.0+a02b446318.jar
[10:52:09] [main/DEBUG] (Fabric|Loader) [ClasspathModCandidateFinder] Processing /Users/ralphgreer-walker/Documents/GitHub/dyeable-netherite/.gradle/loom-cache/remapped_mods/net_fabricmc_yarn_1_17_1_1_17_1_build_39_v2/net/fabricmc/fabric-api/fabric-rendering-v1/1.7.0+2e8bd82f18/fabric-rendering-v1-1.7.0+2e8bd82f18.jar
[10:52:09] [main/DEBUG] (Fabric|Loader) [ClasspathModCandidateFinder] Processing /Users/ralphgreer-walker/Documents/GitHub/dyeable-netherite/.gradle/loom-cache/remapped_mods/net_fabricmc_yarn_1_17_1_1_17_1_build_39_v2/net/fabricmc/fabric-api/fabric-biome-api-v1/3.1.11+c345aea818/fabric-biome-api-v1-3.1.11+c345aea818.jar
[10:52:09] [main/DEBUG] (Fabric|Loader) [ClasspathModCandidateFinder] Processing /Users/ralphgreer-walker/Documents/GitHub/dyeable-netherite/.gradle/loom-cache/remapped_mods/net_fabricmc_yarn_1_17_1_1_17_1_build_39_v2/net/fabricmc/fabric-api/fabric-crash-report-info-v1/0.1.5+be9da31018/fabric-crash-report-info-v1-0.1.5+be9da31018.jar
[10:52:09] [main/DEBUG] (Fabric|Loader) [ClasspathModCandidateFinder] Processing /Users/ralphgreer-walker/Documents/GitHub/dyeable-netherite/.gradle/loom-cache/remapped_mods/net_fabricmc_yarn_1_17_1_1_17_1_build_39_v2/net/fabricmc/fabric-api/fabric-api/0.37.2+1.17/fabric-api-0.37.2+1.17.jar
[10:52:09] [main/DEBUG] (Fabric|Loader) [ClasspathModCandidateFinder] Processing /Users/ralphgreer-walker/Documents/GitHub/dyeable-netherite/.gradle/loom-cache/remapped_mods/net_fabricmc_yarn_1_17_1_1_17_1_build_39_v2/net/fabricmc/fabric-api/fabric-networking-api-v1/1.0.13+2e8bd82f18/fabric-networking-api-v1-1.0.13+2e8bd82f18.jar
[10:52:09] [main/DEBUG] (Fabric|Loader) [ClasspathModCandidateFinder] Processing /Users/ralphgreer-walker/Documents/GitHub/dyeable-netherite/.gradle/loom-cache/remapped_mods/net_fabricmc_yarn_1_17_1_1_17_1_build_39_v2/net/fabricmc/fabric-api/fabric-renderer-indigo/0.4.8+a02b446318/fabric-renderer-indigo-0.4.8+a02b446318.jar
[10:52:09] [main/DEBUG] (Fabric|Loader) [ClasspathModCandidateFinder] Processing /Users/ralphgreer-walker/Documents/GitHub/dyeable-netherite/.gradle/loom-cache/remapped_mods/net_fabricmc_yarn_1_17_1_1_17_1_build_39_v2/net/fabricmc/fabric-api/fabric-commands-v0/0.2.2+92519afa18/fabric-commands-v0-0.2.2+92519afa18.jar
[10:52:09] [main/DEBUG] (Fabric|Loader) [ClasspathModCandidateFinder] Processing /Users/ralphgreer-walker/Documents/GitHub/dyeable-netherite/.gradle/loom-cache/remapped_mods/net_fabricmc_yarn_1_17_1_1_17_1_build_39_v2/net/fabricmc/fabric-api/fabric-game-rule-api-v1/1.0.7+6cefd57718/fabric-game-rule-api-v1-1.0.7+6cefd57718.jar
[10:52:09] [main/DEBUG] (Fabric|Loader) [ClasspathModCandidateFinder] Processing /Users/ralphgreer-walker/Documents/GitHub/dyeable-netherite/.gradle/loom-cache/remapped_mods/net_fabricmc_yarn_1_17_1_1_17_1_build_39_v2/net/fabricmc/fabric-api/fabric-item-groups-v0/0.2.10+b7ab612118/fabric-item-groups-v0-0.2.10+b7ab612118.jar
[10:52:09] [main/DEBUG] (Fabric|Loader) [ClasspathModCandidateFinder] Processing /Users/ralphgreer-walker/Documents/GitHub/dyeable-netherite/.gradle/loom-cache/remapped_mods/net_fabricmc_yarn_1_17_1_1_17_1_build_39_v2/net/fabricmc/fabric-api/fabric-api-lookup-api-v1/1.2.0+2b5c62d018/fabric-api-lookup-api-v1-1.2.0+2b5c62d018.jar
[10:52:09] [main/DEBUG] (Fabric|Loader) [ClasspathModCandidateFinder] Processing /Users/ralphgreer-walker/Documents/GitHub/dyeable-netherite/.gradle/loom-cache/remapped_mods/net_fabricmc_yarn_1_17_1_1_17_1_build_39_v2/net/fabricmc/fabric-api/fabric-content-registries-v0/0.2.4+2e8bd82f18/fabric-content-registries-v0-0.2.4+2e8bd82f18.jar
[10:52:09] [main/DEBUG] (Fabric|Loader) [ClasspathModCandidateFinder] Processing /Users/ralphgreer-walker/Documents/GitHub/dyeable-netherite/.gradle/loom-cache/remapped_mods/net_fabricmc_yarn_1_17_1_1_17_1_build_39_v2/net/fabricmc/fabric-api/fabric-entity-events-v1/1.1.0+a02b446318/fabric-entity-events-v1-1.1.0+a02b446318.jar
[10:52:09] [main/DEBUG] (Fabric|Loader) [ClasspathModCandidateFinder] Processing /Users/ralphgreer-walker/Documents/GitHub/dyeable-netherite/.gradle/loom-cache/remapped_mods/net_fabricmc_yarn_1_17_1_1_17_1_build_39_v2/net/fabricmc/fabric-api/fabric-resource-loader-v0/0.4.8+a00e834b18/fabric-resource-loader-v0-0.4.8+a00e834b18.jar
[10:52:09] [main/DEBUG] (Fabric|Loader) [ClasspathModCandidateFinder] Processing /Users/ralphgreer-walker/Documents/GitHub/dyeable-netherite/.gradle/loom-cache/remapped_mods/net_fabricmc_yarn_1_17_1_1_17_1_build_39_v2/net/fabricmc/fabric-api/fabric-transfer-api-v1/1.0.0+3fe3c3f518/fabric-transfer-api-v1-1.0.0+3fe3c3f518.jar
[10:52:09] [main/DEBUG] (Fabric|Loader) [ClasspathModCandidateFinder] Processing /Users/ralphgreer-walker/Documents/GitHub/dyeable-netherite/.gradle/loom-cache/remapped_mods/net_fabricmc_yarn_1_17_1_1_17_1_build_39_v2/net/fabricmc/fabric-api/fabric-item-api-v1/1.2.4+a02b446318/fabric-item-api-v1-1.2.4+a02b446318.jar
[10:52:09] [main/DEBUG] (Fabric|Loader) [ClasspathModCandidateFinder] Processing /Users/ralphgreer-walker/Documents/GitHub/dyeable-netherite/.gradle/loom-cache/remapped_mods/net_fabricmc_yarn_1_17_1_1_17_1_build_39_v2/net/fabricmc/fabric-api/fabric-loot-tables-v1/1.0.4+a02b446318/fabric-loot-tables-v1-1.0.4+a02b446318.jar
[10:52:09] [main/DEBUG] (Fabric|Loader) [ClasspathModCandidateFinder] Processing /Users/ralphgreer-walker/Documents/GitHub/dyeable-netherite/.gradle/loom-cache/remapped_mods/net_fabricmc_yarn_1_17_1_1_17_1_build_39_v2/net/fabricmc/fabric-api/fabric-models-v0/0.3.0+a02b446318/fabric-models-v0-0.3.0+a02b446318.jar
[10:52:09] [main/DEBUG] (Fabric|Loader) [ClasspathModCandidateFinder] Processing /Users/ralphgreer-walker/Documents/GitHub/dyeable-netherite/.gradle/loom-cache/remapped_mods/net_fabricmc_yarn_1_17_1_1_17_1_build_39_v2/net/fabricmc/fabric-api/fabric-rendering-fluids-v1/0.1.13+a02b446318/fabric-rendering-fluids-v1-0.1.13+a02b446318.jar
[10:52:09] [main/DEBUG] (Fabric|Loader) [ClasspathModCandidateFinder] Processing /Users/ralphgreer-walker/Documents/GitHub/dyeable-netherite/.gradle/loom-cache/remapped_mods/net_fabricmc_yarn_1_17_1_1_17_1_build_39_v2/net/fabricmc/fabric-api/fabric-keybindings-v0/0.2.2+36b77c3e18/fabric-keybindings-v0-0.2.2+36b77c3e18.jar
[10:52:09] [main/DEBUG] (Fabric|Loader) [ClasspathModCandidateFinder] Processing /Users/ralphgreer-walker/Documents/GitHub/dyeable-netherite/.gradle/loom-cache/remapped_mods/net_fabricmc_yarn_1_17_1_1_17_1_build_39_v2/net/fabricmc/fabric-api/fabric-screen-handler-api-v1/1.1.8+a02b446318/fabric-screen-handler-api-v1-1.1.8+a02b446318.jar
[10:52:09] [main/DEBUG] (Fabric|Loader) [ClasspathModCandidateFinder] Processing /Users/ralphgreer-walker/Documents/GitHub/dyeable-netherite/.gradle/loom-cache/remapped_mods/net_fabricmc_yarn_1_17_1_1_17_1_build_39_v2/net/fabricmc/fabric-api/fabric-tag-extensions-v0/1.1.4+a02b446318/fabric-tag-extensions-v0-1.1.4+a02b446318.jar
[10:52:09] [main/DEBUG] (Fabric|Loader) [ClasspathModCandidateFinder] Processing /Users/ralphgreer-walker/Documents/GitHub/dyeable-netherite/.gradle/loom-cache/remapped_mods/net_fabricmc_yarn_1_17_1_1_17_1_build_39_v2/net/fabricmc/fabric-api/fabric-api-base/0.3.0+a02b446318/fabric-api-base-0.3.0+a02b446318.jar
[10:52:09] [main/DEBUG] (Fabric|Loader) [ClasspathModCandidateFinder] Processing /Users/ralphgreer-walker/Documents/GitHub/dyeable-netherite/.gradle/loom-cache/remapped_mods/net_fabricmc_yarn_1_17_1_1_17_1_build_39_v2/net/fabricmc/fabric-api/fabric-containers-v0/0.1.12+a02b446318/fabric-containers-v0-0.1.12+a02b446318.jar
[10:52:09] [main/DEBUG] (Fabric|Loader) [ClasspathModCandidateFinder] Processing /Users/ralphgreer-walker/Documents/GitHub/dyeable-netherite/.gradle/loom-cache/remapped_mods/net_fabricmc_yarn_1_17_1_1_17_1_build_39_v2/net/fabricmc/fabric-api/fabric-networking-v0/0.3.2+92519afa18/fabric-networking-v0-0.3.2+92519afa18.jar
[10:52:09] [main/DEBUG] (Fabric|Loader) [ClasspathModCandidateFinder] Processing /Users/ralphgreer-walker/Documents/GitHub/dyeable-netherite/.gradle/loom-cache/remapped_mods/net_fabricmc_yarn_1_17_1_1_17_1_build_39_v2/net/fabricmc/fabric-api/fabric-events-lifecycle-v0/0.2.1+92519afa18/fabric-events-lifecycle-v0-0.2.1+92519afa18.jar
[10:52:09] [main/DEBUG] (Fabric|Loader) [ClasspathModCandidateFinder] Processing /Users/ralphgreer-walker/Documents/GitHub/dyeable-netherite/.gradle/loom-cache/remapped_mods/net_fabricmc_yarn_1_17_1_1_17_1_build_39_v2/net/fabricmc/fabric-api/fabric-tool-attribute-api-v1/1.2.12+b7ab612118/fabric-tool-attribute-api-v1-1.2.12+b7ab612118.jar
[10:52:09] [main/DEBUG] (Fabric|Loader) [ClasspathModCandidateFinder] Processing /Users/ralphgreer-walker/Documents/GitHub/dyeable-netherite/.gradle/loom-cache/remapped_mods/net_fabricmc_yarn_1_17_1_1_17_1_build_39_v2/net/fabricmc/fabric-api/fabric-blockrenderlayer-v1/1.1.5+a02b446318/fabric-blockrenderlayer-v1-1.1.5+a02b446318.jar
[10:52:09] [main/DEBUG] (Fabric|Loader) [ClasspathModCandidateFinder] Processing /Users/ralphgreer-walker/Documents/GitHub/dyeable-netherite/.gradle/loom-cache/remapped_mods/net_fabricmc_yarn_1_17_1_1_17_1_build_39_v2/net/fabricmc/fabric-api/fabric-object-builder-api-v1/1.10.9+b7ab612118/fabric-object-builder-api-v1-1.10.9+b7ab612118.jar
[10:52:09] [main/DEBUG] (Fabric|Loader) [ClasspathModCandidateFinder] Processing /Users/ralphgreer-walker/Documents/GitHub/dyeable-netherite/.gradle/loom-cache/remapped_mods/net_fabricmc_yarn_1_17_1_1_17_1_build_39_v2/net/fabricmc/fabric-api/fabric-networking-blockentity-v0/0.2.11+a02b446318/fabric-networking-blockentity-v0-0.2.11+a02b446318.jar
[10:52:09] [main/DEBUG] (Fabric|Loader) [ClasspathModCandidateFinder] Processing /Users/ralphgreer-walker/Documents/GitHub/dyeable-netherite/.gradle/loom-cache/remapped_mods/net_fabricmc_yarn_1_17_1_1_17_1_build_39_v2/net/fabricmc/fabric-api/fabric-screen-api-v1/1.0.4+155f865c18/fabric-screen-api-v1-1.0.4+155f865c18.jar
[10:52:09] [main/DEBUG] (Fabric|Loader) [ClasspathModCandidateFinder] Processing /Users/ralphgreer-walker/Documents/GitHub/dyeable-netherite/.gradle/loom-cache/remapped_mods/net_fabricmc_yarn_1_17_1_1_17_1_build_39_v2/net/fabricmc/fabric-api/fabric-object-builders-v0/0.7.3+a02b446318/fabric-object-builders-v0-0.7.3+a02b446318.jar
[10:52:09] [ForkJoinPool-1-worker-15/DEBUG] (Fabric|Loader) Adding file:/Users/ralphgreer-walker/Documents/GitHub/dyeable-netherite/build/resources/main/ as ModCandidate{dyeablenetherite@1.0.0}
[10:52:09] [ForkJoinPool-1-worker-3/DEBUG] (Fabric|Loader) Adding file:/Users/ralphgreer-walker/Documents/GitHub/dyeable-netherite/.gradle/loom-cache/remapped_mods/net_fabricmc_yarn_1_17_1_1_17_1_build_39_v2/net/fabricmc/fabric-loader/0.11.6/fabric-loader-0.11.6.jar as ModCandidate{fabricloader@0.11.6}
[10:52:09] [ForkJoinPool-1-worker-15/DEBUG] (Fabric|Loader) Searching for nested JARs in ModCandidate{dyeablenetherite@1.0.0}
[10:52:09] [ForkJoinPool-1-worker-3/DEBUG] (Fabric|Loader) Searching for nested JARs in ModCandidate{fabricloader@0.11.6}
[10:52:09] [ForkJoinPool-1-worker-15/DEBUG] (Fabric|Loader) file:/Users/ralphgreer-walker/Documents/GitHub/dyeable-netherite/build/resources/main/
[10:52:09] [ForkJoinPool-1-worker-3/DEBUG] (Fabric|Loader) file:/Users/ralphgreer-walker/Documents/GitHub/dyeable-netherite/.gradle/loom-cache/remapped_mods/net_fabricmc_yarn_1_17_1_1_17_1_build_39_v2/net/fabricmc/fabric-loader/0.11.6/fabric-loader-0.11.6.jar
[10:52:09] [ForkJoinPool-1-worker-3/DEBUG] (Fabric|Loader) Testing file:/Users/ralphgreer-walker/Documents/GitHub/dyeable-netherite/.gradle/loom-cache/remapped_mods/net_fabricmc_yarn_1_17_1_1_17_1_build_39_v2/net/fabricmc/fabric-api/fabric-lifecycle-events-v1/1.4.4+a02b446318/fabric-lifecycle-events-v1-1.4.4+a02b446318.jar
[10:52:09] [ForkJoinPool-1-worker-15/DEBUG] (Fabric|Loader) Testing file:/Users/ralphgreer-walker/Documents/GitHub/dyeable-netherite/.gradle/loom-cache/remapped_mods/net_fabricmc_yarn_1_17_1_1_17_1_build_39_v2/net/fabricmc/fabric-api/fabric-textures-v0/1.0.6+a02b446318/fabric-textures-v0-1.0.6+a02b446318.jar
[10:52:09] [ForkJoinPool-1-worker-9/DEBUG] (Fabric|Loader) Adding file:/Users/ralphgreer-walker/Documents/GitHub/dyeable-netherite/.gradle/loom-cache/remapped_mods/net_fabricmc_yarn_1_17_1_1_17_1_build_39_v2/net/fabricmc/fabric-api/fabric-rendering-v0/1.1.2+92519afa18/fabric-rendering-v0-1.1.2+92519afa18.jar as ModCandidate{fabric-rendering-v0@1.1.2+92519afa18}
[10:52:09] [ForkJoinPool-1-worker-11/DEBUG] (Fabric|Loader) Adding file:/Users/ralphgreer-walker/Documents/GitHub/dyeable-netherite/.gradle/loom-cache/remapped_mods/net_fabricmc_yarn_1_17_1_1_17_1_build_39_v2/net/fabricmc/fabric-api/fabric-events-interaction-v0/0.4.9+a722d8c018/fabric-events-interaction-v0-0.4.9+a722d8c018.jar as ModCandidate{fabric-events-interaction-v0@0.4.9+a722d8c018}
[10:52:09] [ForkJoinPool-1-worker-9/DEBUG] (Fabric|Loader) Searching for nested JARs in ModCandidate{fabric-rendering-v0@1.1.2+92519afa18}
[10:52:09] [ForkJoinPool-1-worker-9/DEBUG] (Fabric|Loader) file:/Users/ralphgreer-walker/Documents/GitHub/dyeable-netherite/.gradle/loom-cache/remapped_mods/net_fabricmc_yarn_1_17_1_1_17_1_build_39_v2/net/fabricmc/fabric-api/fabric-rendering-v0/1.1.2+92519afa18/fabric-rendering-v0-1.1.2+92519afa18.jar
[10:52:09] [ForkJoinPool-1-worker-11/DEBUG] (Fabric|Loader) Searching for nested JARs in ModCandidate{fabric-events-interaction-v0@0.4.9+a722d8c018}
[10:52:09] [ForkJoinPool-1-worker-9/DEBUG] (Fabric|Loader) Testing file:/Users/ralphgreer-walker/Documents/GitHub/dyeable-netherite/.gradle/loom-cache/remapped_mods/net_fabricmc_yarn_1_17_1_1_17_1_build_39_v2/net/fabricmc/fabric-api/fabric-particles-v1/0.2.4+a02b446318/fabric-particles-v1-0.2.4+a02b446318.jar
[10:52:09] [ForkJoinPool-1-worker-5/DEBUG] (Fabric|Loader) Adding file:/Users/ralphgreer-walker/Documents/GitHub/dyeable-netherite/.gradle/loom-cache/remapped_mods/net_fabricmc_yarn_1_17_1_1_17_1_build_39_v2/net/fabricmc/fabric-api/fabric-dimensions-v1/2.0.11+6cefd57718/fabric-dimensions-v1-2.0.11+6cefd57718.jar as ModCandidate{fabric-dimensions-v1@2.0.11+6cefd57718}
[10:52:09] [ForkJoinPool-1-worker-11/DEBUG] (Fabric|Loader) file:/Users/ralphgreer-walker/Documents/GitHub/dyeable-netherite/.gradle/loom-cache/remapped_mods/net_fabricmc_yarn_1_17_1_1_17_1_build_39_v2/net/fabricmc/fabric-api/fabric-events-interaction-v0/0.4.9+a722d8c018/fabric-events-interaction-v0-0.4.9+a722d8c018.jar
[10:52:09] [ForkJoinPool-1-worker-5/DEBUG] (Fabric|Loader) Searching for nested JARs in ModCandidate{fabric-dimensions-v1@2.0.11+6cefd57718}
[10:52:09] [ForkJoinPool-1-worker-5/DEBUG] (Fabric|Loader) file:/Users/ralphgreer-walker/Documents/GitHub/dyeable-netherite/.gradle/loom-cache/remapped_mods/net_fabricmc_yarn_1_17_1_1_17_1_build_39_v2/net/fabricmc/fabric-api/fabric-dimensions-v1/2.0.11+6cefd57718/fabric-dimensions-v1-2.0.11+6cefd57718.jar
[10:52:09] [ForkJoinPool-1-worker-11/DEBUG] (Fabric|Loader) Testing file:/Users/ralphgreer-walker/Documents/GitHub/dyeable-netherite/.gradle/loom-cache/remapped_mods/net_fabricmc_yarn_1_17_1_1_17_1_build_39_v2/net/fabricmc/fabric-api/fabric-key-binding-api-v1/1.0.4+a02b446318/fabric-key-binding-api-v1-1.0.4+a02b446318.jar
[10:52:09] [ForkJoinPool-1-worker-5/DEBUG] (Fabric|Loader) Testing file:/Users/ralphgreer-walker/Documents/GitHub/dyeable-netherite/.gradle/loom-cache/remapped_mods/net_fabricmc_yarn_1_17_1_1_17_1_build_39_v2/net/fabricmc/fabric-api/fabric-mining-levels-v0/0.1.3+92519afa18/fabric-mining-levels-v0-0.1.3+92519afa18.jar
[10:52:09] [ForkJoinPool-1-worker-13/DEBUG] (Fabric|Loader) Adding file:/Users/ralphgreer-walker/Documents/GitHub/dyeable-netherite/.gradle/loom-cache/remapped_mods/net_fabricmc_yarn_1_17_1_1_17_1_build_39_v2/net/fabricmc/fabric-api/fabric-registry-sync-v0/0.7.10+e2961fee18/fabric-registry-sync-v0-0.7.10+e2961fee18.jar as ModCandidate{fabric-registry-sync-v0@0.7.10+e2961fee18}
[10:52:09] [ForkJoinPool-1-worker-13/DEBUG] (Fabric|Loader) Searching for nested JARs in ModCandidate{fabric-registry-sync-v0@0.7.10+e2961fee18}
[10:52:09] [ForkJoinPool-1-worker-13/DEBUG] (Fabric|Loader) file:/Users/ralphgreer-walker/Documents/GitHub/dyeable-netherite/.gradle/loom-cache/remapped_mods/net_fabricmc_yarn_1_17_1_1_17_1_build_39_v2/net/fabricmc/fabric-api/fabric-registry-sync-v0/0.7.10+e2961fee18/fabric-registry-sync-v0-0.7.10+e2961fee18.jar
[10:52:09] [ForkJoinPool-1-worker-13/DEBUG] (Fabric|Loader) Testing file:/Users/ralphgreer-walker/Documents/GitHub/dyeable-netherite/.gradle/loom-cache/remapped_mods/net_fabricmc_yarn_1_17_1_1_17_1_build_39_v2/net/fabricmc/fabric-api/fabric-renderer-api-v1/0.4.4+5f02c96918/fabric-renderer-api-v1-0.4.4+5f02c96918.jar
[10:52:09] [ForkJoinPool-1-worker-7/DEBUG] (Fabric|Loader) Adding file:/Users/ralphgreer-walker/Documents/GitHub/dyeable-netherite/.gradle/loom-cache/remapped_mods/net_fabricmc_yarn_1_17_1_1_17_1_build_39_v2/net/fabricmc/fabric-api/fabric-rendering-data-attachment-v1/0.1.5+a02b446318/fabric-rendering-data-attachment-v1-0.1.5+a02b446318.jar as ModCandidate{fabric-rendering-data-attachment-v1@0.1.5+a02b446318}
[10:52:09] [ForkJoinPool-1-worker-7/DEBUG] (Fabric|Loader) Searching for nested JARs in ModCandidate{fabric-rendering-data-attachment-v1@0.1.5+a02b446318}
[10:52:09] [ForkJoinPool-1-worker-7/DEBUG] (Fabric|Loader) file:/Users/ralphgreer-walker/Documents/GitHub/dyeable-netherite/.gradle/loom-cache/remapped_mods/net_fabricmc_yarn_1_17_1_1_17_1_build_39_v2/net/fabricmc/fabric-api/fabric-rendering-data-attachment-v1/0.1.5+a02b446318/fabric-rendering-data-attachment-v1-0.1.5+a02b446318.jar
[10:52:09] [ForkJoinPool-1-worker-7/DEBUG] (Fabric|Loader) Testing file:/Users/ralphgreer-walker/Documents/GitHub/dyeable-netherite/.gradle/loom-cache/remapped_mods/net_fabricmc_yarn_1_17_1_1_17_1_build_39_v2/net/fabricmc/fabric-api/fabric-command-api-v1/1.1.3+5ab9934c18/fabric-command-api-v1-1.1.3+5ab9934c18.jar
